<?xml version="1.0" encoding="UTF-8"?>
<!-- Generated by org.testng.reporters.JUnitReportReporter -->
<testsuite hostname="sussan" failures="0" tests="2" name="APITest" time="1.604" errors="0" timestamp="2023-03-29T12:33:12 BST" skipped="0">
  <testcase classname="APITest" name="test2" time="0.124"/>
  <system-out/>
  <testcase classname="APITest" name="test1" time="1.480"/>
  <system-out/>
</testsuite> <!-- APITest -->
